# JRE version: Java(TM) SE Runtime Environment (8.0_40-b26) (build 1.8.0_40-b26)
# Java VM: Java HotSpot(TM) Client VM (25.40-b25 mixed mode windows-x86 )
Heap:
 def new generation   total 22976K, used 22392K [0x03600000, 0x04ee0000, 0x18b50000)
  eden space 20480K, 100% used [0x03600000, 0x04a00000, 0x04a00000)
  from space 2496K,  76% used [0x04c70000, 0x04e4e2b8, 0x04ee0000)
  to   space 2496K,   0% used [0x04a00000, 0x04a00b28, 0x04c70000)
 tenured generation   total 50864K, used 48543K [0x18b50000, 0x1bcfc000, 0x43600000)
   the space 50864K,  95% used [0x18b50000, 0x1bab7c78, 0x1bab7e00, 0x1bcfc000)
 Metaspace       used 3936K, capacity 3984K, committed 4032K, reserved 4480K
GC Heap History (10 events):
Event: 17.318 GC heap after
Heap after GC invocations=65 (full 7):
 def new generation   total 22976K, used 1837K [0x03600000, 0x04ee0000, 0x18b50000)
  eden space 20480K,   0% used [0x03600000, 0x03600000, 0x04a00000)
  from space 2496K,  73% used [0x04a00000, 0x04bcb4a8, 0x04c70000)
  to   space 2496K,   0% used [0x04c70000, 0x04c70000, 0x04ee0000)
 tenured generation   total 50864K, used 37371K [0x18b50000, 0x1bcfc000, 0x43600000)
   the space 50864K,  73% used [0x18b50000, 0x1afceed0, 0x1afcf000, 0x1bcfc000)
 Metaspace       used 3936K, capacity 3984K, committed 4032K, reserved 4480K
}
Event: 17.610 GC heap before
{Heap before GC invocations=65 (full 7):
 def new generation   total 22976K, used 22317K [0x03600000, 0x04ee0000, 0x18b50000)
  eden space 20480K, 100% used [0x03600000, 0x04a00000, 0x04a00000)
  from space 2496K,  73% used [0x04a00000, 0x04bcb4a8, 0x04c70000)
  to   space 2496K,   0% used [0x04c70000, 0x04c70000, 0x04ee0000)
 tenured generation   total 50864K, used 37371K [0x18b50000, 0x1bcfc000, 0x43600000)
   the space 50864K,  73% used [0x18b50000, 0x1afceed0, 0x1afcf000, 0x1bcfc000)
 Metaspace       used 3936K, capacity 3984K, committed 4032K, reserved 4480K
Event: 17.619 GC heap after
Heap after GC invocations=66 (full 7):
 def new generation   total 22976K, used 1K [0x03600000, 0x04ee0000, 0x18b50000)
  eden space 20480K,   0% used [0x03600000, 0x03600000, 0x04a00000)
  from space 2496K,   0% used [0x04c70000, 0x04c70428, 0x04ee0000)
  to   space 2496K,   0% used [0x04a00000, 0x04a00000, 0x04c70000)
 tenured generation   total 50864K, used 39208K [0x18b50000, 0x1bcfc000, 0x43600000)
   the space 50864K,  77% used [0x18b50000, 0x1b19a0f8, 0x1b19a200, 0x1bcfc000)
 Metaspace       used 3936K, capacity 3984K, committed 4032K, reserved 4480K
}
Event: 18.348 GC heap before
{Heap before GC invocations=66 (full 7):
 def new generation   total 22976K, used 20481K [0x03600000, 0x04ee0000, 0x18b50000)
  eden space 20480K, 100% used [0x03600000, 0x04a00000, 0x04a00000)
  from space 2496K,   0% used [0x04c70000, 0x04c70428, 0x04ee0000)
  to   space 2496K,   0% used [0x04a00000, 0x04a00000, 0x04c70000)
 tenured generation   total 50864K, used 39208K [0x18b50000, 0x1bcfc000, 0x43600000)
   the space 50864K,  77% used [0x18b50000, 0x1b19a0f8, 0x1b19a200, 0x1bcfc000)
 Metaspace       used 3936K, capacity 3984K, committed 4032K, reserved 4480K
Event: 18.365 GC heap after
Heap after GC invocations=67 (full 7):
 def new generation   total 22976K, used 1799K [0x03600000, 0x04ee0000, 0x18b50000)
  eden space 20480K,   0% used [0x03600000, 0x03600000, 0x04a00000)
  from space 2496K,  72% used [0x04a00000, 0x04bc1e10, 0x04c70000)
  to   space 2496K,   0% used [0x04c70000, 0x04c70000, 0x04ee0000)
 tenured generation   total 50864K, used 42976K [0x18b50000, 0x1bcfc000, 0x43600000)
   the space 50864K,  84% used [0x18b50000, 0x1b548070, 0x1b548200, 0x1bcfc000)
 Metaspace       used 3936K, capacity 3984K, committed 4032K, reserved 4480K
}
Event: 18.540 GC heap before
{Heap before GC invocations=67 (full 7):
 def new generation   total 22976K, used 22279K [0x03600000, 0x04ee0000, 0x18b50000)
  eden space 20480K, 100% used [0x03600000, 0x04a00000, 0x04a00000)
  from space 2496K,  72% used [0x04a00000, 0x04bc1e10, 0x04c70000)
  to   space 2496K,   0% used [0x04c70000, 0x04c70000, 0x04ee0000)
 tenured generation   total 50864K, used 42976K [0x18b50000, 0x1bcfc000, 0x43600000)
   the space 50864K,  84% used [0x18b50000, 0x1b548070, 0x1b548200, 0x1bcfc000)
 Metaspace       used 3936K, capacity 3984K, committed 4032K, reserved 4480K
Event: 18.548 GC heap after
Heap after GC invocations=68 (full 7):
 def new generation   total 22976K, used 1K [0x03600000, 0x04ee0000, 0x18b50000)
  eden space 20480K,   0% used [0x03600000, 0x03600000, 0x04a00000)
  from space 2496K,   0% used [0x04c70000, 0x04c70430, 0x04ee0000)
  to   space 2496K,   0% used [0x04a00000, 0x04a00000, 0x04c70000)
 tenured generation   total 50864K, used 44775K [0x18b50000, 0x1bcfc000, 0x43600000)
   the space 50864K,  88% used [0x18b50000, 0x1b709d00, 0x1b709e00, 0x1bcfc000)
 Metaspace       used 3936K, capacity 3984K, committed 4032K, reserved 4480K
}
Event: 18.742 GC heap before
{Heap before GC invocations=68 (full 7):
 def new generation   total 22976K, used 18514K [0x03600000, 0x04ee0000, 0x18b50000)
  eden space 20480K,  90% used [0x03600000, 0x04814648, 0x04a00000)
  from space 2496K,   0% used [0x04c70000, 0x04c70430, 0x04ee0000)
  to   space 2496K,   0% used [0x04a00000, 0x04a00000, 0x04c70000)
 tenured generation   total 50864K, used 44775K [0x18b50000, 0x1bcfc000, 0x43600000)
   the space 50864K,  88% used [0x18b50000, 0x1b709d00, 0x1b709e00, 0x1bcfc000)
 Metaspace       used 3936K, capacity 3984K, committed 4032K, reserved 4480K
Event: 18.747 GC heap after
Heap after GC invocations=69 (full 7):
 def new generation   total 22976K, used 2K [0x03600000, 0x04ee0000, 0x18b50000)
  eden space 20480K,   0% used [0x03600000, 0x03600000, 0x04a00000)
  from space 2496K,   0% used [0x04a00000, 0x04a00b28, 0x04c70000)
  to   space 2496K,   0% used [0x04c70000, 0x04c70000, 0x04ee0000)
 tenured generation   total 50864K, used 48543K [0x18b50000, 0x1bcfc000, 0x43600000)
   the space 50864K,  95% used [0x18b50000, 0x1bab7c78, 0x1bab7e00, 0x1bcfc000)
 Metaspace       used 3936K, capacity 3984K, committed 4032K, reserved 4480K
}
Event: 18.911 GC heap before
{Heap before GC invocations=69 (full 7):
 def new generation   total 22976K, used 20482K [0x03600000, 0x04ee0000, 0x18b50000)
  eden space 20480K, 100% used [0x03600000, 0x04a00000, 0x04a00000)
  from space 2496K,   0% used [0x04a00000, 0x04a00b28, 0x04c70000)
  to   space 2496K,   0% used [0x04c70000, 0x04c70000, 0x04ee0000)
 tenured generation   total 50864K, used 48543K [0x18b50000, 0x1bcfc000, 0x43600000)
   the space 50864K,  95% used [0x18b50000, 0x1bab7c78, 0x1bab7e00, 0x1bcfc000)
 Metaspace       used 3936K, capacity 3984K, committed 4032K, reserved 4480K

